<?xml version="1.0" encoding="UTF-8"?>
<!-- Generated by org.testng.reporters.JUnitReportReporter -->
<testsuite hostname="DESKTOP-266O6G1" failures="2" tests="4" name="com.runner.Testrunner" time="178.728" errors="2" timestamp="2025-09-10T14:39:53 IST" skipped="0">
  <testcase classname="com.runner.Testrunner" name="runScenario" time="72.860">
    <failure message="expected [true] but found [false]" type="java.lang.AssertionError">
      <![CDATA[java.lang.AssertionError: expected [true] but found [false]
at org.testng.Assert.fail(Assert.java:111)
at org.testng.Assert.failNotEquals(Assert.java:1578)
at org.testng.Assert.assertTrue(Assert.java:57)
at org.testng.Assert.assertTrue(Assert.java:67)
at com.stepdefinitions.Selectiondefinition.the_user_wants_to_apply_the_first_filter_recommended_filter_as(Selectiondefinition.java:33)
at ✽.the user wants to apply the first filter recommended_filter as "Non-stop"(file:///C:/Users/DELL/ixigo-automation/src/test/resources/features/selection.feature:4)
]]>
    </failure>
  </testcase> <!-- runScenario -->
  <testcase classname="com.runner.Testrunner" name="runScenario" time="7.204">
    <error message="Unresolved compilation problem: 
	The method sleep(int) in the type Base is not applicable for the arguments ()
" type="java.lang.Error">
      <![CDATA[java.lang.Error: Unresolved compilation problem: 
The method sleep(int) in the type Base is not applicable for the arguments ()

at com.stepdefinitions.Logindefinitions.enters_the_correct_otp(Logindefinitions.java:58)
at ✽.enters the correct OTP(file:///C:/Users/DELL/ixigo-automation/src/test/resources/features/login.feature:7)
]]>
    </error>
  </testcase> <!-- runScenario -->
  <testcase classname="com.runner.Testrunner" name="runScenario" time="7.679">
    <error message="Unresolved compilation problem: 
	The method sleep(int) in the type Base is not applicable for the arguments ()
" type="java.lang.Error">
      <![CDATA[java.lang.Error: Unresolved compilation problem: 
The method sleep(int) in the type Base is not applicable for the arguments ()

at com.stepdefinitions.Hooks.tearDown(Hooks.java:46)
]]>
    </error>
  </testcase> <!-- runScenario -->
  <testcase classname="com.runner.Testrunner" name="runScenario" time="90.985">
    <failure message="Expected search results to be displayed expected [true] but found [false]" type="java.lang.AssertionError">
      <![CDATA[java.lang.AssertionError: Expected search results to be displayed expected [true] but found [false]
at org.testng.Assert.fail(Assert.java:111)
at org.testng.Assert.failNotEquals(Assert.java:1578)
at org.testng.Assert.assertTrue(Assert.java:57)
at com.stepdefinitions.searchingdefinitions.search_results_should_be_displayed(searchingdefinitions.java:62)
at ✽.search results should be displayed(file:///C:/Users/DELL/ixigo-automation/src/test/resources/features/flightsearch.feature:11)
]]>
    </failure>
  </testcase> <!-- runScenario -->
</testsuite> <!-- com.runner.Testrunner -->
